<?xml version="1.0" encoding="UTF-8"?>
<testsuite xmlns:xsi="http://www.w3.org/2001/XMLSchema-instance" xsi:noNamespaceSchemaLocation="https://maven.apache.org/surefire/maven-surefire-plugin/xsd/surefire-test-report-3.0.xsd" version="3.0" name="org.springframework.samples.petclinic.customers.web.PetResourceTest" time="6.084" tests="1" errors="0" skipped="0" failures="0">
  <properties>
[...]
</properties>
  <testcase name="shouldGetAPetInJSonFormat" classname="org.springframework.samples.petclinic.customers.web.PetResourceTest" time="0.26">
    <system-out><![CDATA[02:13:13.490 [main] INFO org.springframework.test.context.support.AnnotationConfigContextLoaderUtils -- Could not detect default configuration classes for test class [org.springframework.samples.petclinic.customers.web.PetResourceTest]: PetResourceTest does not declare any static, non-private, non-final, nested classes annotated with @Configuration.
02:13:13.719 [main] INFO org.springframework.boot.test.context.SpringBootTestContextBootstrapper -- Found @SpringBootConfiguration org.springframework.samples.petclinic.customers.CustomersServiceApplication for test class org.springframework.samples.petclinic.customers.web.PetResourceTest
02:13:15,061 |-INFO in ch.qos.logback.core.joran.util.ConfigurationWatchListUtil@6573d2f7 - Adding [jar:file:/home/ec2-user/.m2/repository/org/springframework/boot/spring-boot/3.2.7/spring-boot-3.2.7.jar!/org/springframework/boot/logging/logback/base.xml] to configuration watch list.
02:13:15,061 |-INFO in ch.qos.logback.core.joran.spi.ConfigurationWatchList@4052c8c2 - URL [jar:file:/home/ec2-user/.m2/repository/org/springframework/boot/spring-boot/3.2.7/spring-boot-3.2.7.jar!/org/springframework/boot/logging/logback/base.xml] is not of type file
02:13:15,065 |-INFO in ch.qos.logback.core.joran.util.ConfigurationWatchListUtil@6573d2f7 - Adding [jar:file:/home/ec2-user/.m2/repository/org/springframework/boot/spring-boot/3.2.7/spring-boot-3.2.7.jar!/org/springframework/boot/logging/logback/defaults.xml] to configuration watch list.
02:13:15,065 |-INFO in ch.qos.logback.core.joran.spi.ConfigurationWatchList@4052c8c2 - URL [jar:file:/home/ec2-user/.m2/repository/org/springframework/boot/spring-boot/3.2.7/spring-boot-3.2.7.jar!/org/springframework/boot/logging/logback/defaults.xml] is not of type file
02:13:15,071 |-INFO in ch.qos.logback.core.joran.action.ConversionRuleAction - registering conversion word applicationName with class [org.springframework.boot.logging.logback.ApplicationNameConverter]
02:13:15,072 |-INFO in ch.qos.logback.core.joran.action.ConversionRuleAction - registering conversion word clr with class [org.springframework.boot.logging.logback.ColorConverter]
02:13:15,072 |-INFO in ch.qos.logback.core.joran.action.ConversionRuleAction - registering conversion word correlationId with class [org.springframework.boot.logging.logback.CorrelationIdConverter]
02:13:15,072 |-INFO in ch.qos.logback.core.joran.action.ConversionRuleAction - registering conversion word wex with class [org.springframework.boot.logging.logback.WhitespaceThrowableProxyConverter]
02:13:15,072 |-INFO in ch.qos.logback.core.joran.action.ConversionRuleAction - registering conversion word wEx with class [org.springframework.boot.logging.logback.ExtendedWhitespaceThrowableProxyConverter]
02:13:15,074 |-INFO in ch.qos.logback.core.joran.util.ConfigurationWatchListUtil@6573d2f7 - Adding [jar:file:/home/ec2-user/.m2/repository/org/springframework/boot/spring-boot/3.2.7/spring-boot-3.2.7.jar!/org/springframework/boot/logging/logback/console-appender.xml] to configuration watch list.
02:13:15,074 |-INFO in ch.qos.logback.core.joran.spi.ConfigurationWatchList@4052c8c2 - URL [jar:file:/home/ec2-user/.m2/repository/org/springframework/boot/spring-boot/3.2.7/spring-boot-3.2.7.jar!/org/springframework/boot/logging/logback/console-appender.xml] is not of type file
02:13:15,080 |-INFO in ch.qos.logback.core.joran.util.ConfigurationWatchListUtil@6573d2f7 - Adding [jar:file:/home/ec2-user/.m2/repository/org/springframework/boot/spring-boot/3.2.7/spring-boot-3.2.7.jar!/org/springframework/boot/logging/logback/file-appender.xml] to configuration watch list.
02:13:15,080 |-INFO in ch.qos.logback.core.joran.spi.ConfigurationWatchList@4052c8c2 - URL [jar:file:/home/ec2-user/.m2/repository/org/springframework/boot/spring-boot/3.2.7/spring-boot-3.2.7.jar!/org/springframework/boot/logging/logback/file-appender.xml] is not of type file
02:13:15,135 |-WARN in ch.qos.logback.core.model.processor.ImplicitModelHandler - Ignoring unknown property [jmxConfigurator] in [ch.qos.logback.classic.LoggerContext]
02:13:15,137 |-INFO in ch.qos.logback.classic.model.processor.LoggerModelHandler - Setting level of logger [org.apache.catalina.startup.DigesterFactory] to ERROR
02:13:15,138 |-INFO in ch.qos.logback.classic.jul.LevelChangePropagator@181b8c4b - Propagating ERROR level on Logger[org.apache.catalina.startup.DigesterFactory] onto the JUL framework
02:13:15,138 |-INFO in ch.qos.logback.classic.model.processor.LoggerModelHandler - Setting level of logger [org.apache.catalina.util.LifecycleBase] to ERROR
02:13:15,138 |-INFO in ch.qos.logback.classic.jul.LevelChangePropagator@181b8c4b - Propagating ERROR level on Logger[org.apache.catalina.util.LifecycleBase] onto the JUL framework
02:13:15,138 |-INFO in ch.qos.logback.classic.model.processor.LoggerModelHandler - Setting level of logger [org.apache.coyote.http11.Http11NioProtocol] to WARN
02:13:15,138 |-INFO in ch.qos.logback.classic.jul.LevelChangePropagator@181b8c4b - Propagating WARN level on Logger[org.apache.coyote.http11.Http11NioProtocol] onto the JUL framework
02:13:15,139 |-INFO in ch.qos.logback.classic.model.processor.LoggerModelHandler - Setting level of logger [org.apache.sshd.common.util.SecurityUtils] to WARN
02:13:15,139 |-INFO in ch.qos.logback.classic.jul.LevelChangePropagator@181b8c4b - Propagating WARN level on Logger[org.apache.sshd.common.util.SecurityUtils] onto the JUL framework
02:13:15,139 |-INFO in ch.qos.logback.classic.model.processor.LoggerModelHandler - Setting level of logger [org.apache.tomcat.util.net.NioSelectorPool] to WARN
02:13:15,139 |-INFO in ch.qos.logback.classic.jul.LevelChangePropagator@181b8c4b - Propagating WARN level on Logger[org.apache.tomcat.util.net.NioSelectorPool] onto the JUL framework
02:13:15,139 |-INFO in ch.qos.logback.classic.model.processor.LoggerModelHandler - Setting level of logger [org.eclipse.jetty.util.component.AbstractLifeCycle] to ERROR
02:13:15,139 |-INFO in ch.qos.logback.classic.jul.LevelChangePropagator@181b8c4b - Propagating ERROR level on Logger[org.eclipse.jetty.util.component.AbstractLifeCycle] onto the JUL framework
02:13:15,139 |-INFO in ch.qos.logback.classic.model.processor.LoggerModelHandler - Setting level of logger [org.hibernate.validator.internal.util.Version] to WARN
02:13:15,139 |-INFO in ch.qos.logback.classic.jul.LevelChangePropagator@181b8c4b - Propagating WARN level on Logger[org.hibernate.validator.internal.util.Version] onto the JUL framework
02:13:15,139 |-INFO in ch.qos.logback.classic.model.processor.LoggerModelHandler - Setting level of logger [org.springframework.boot.actuate.endpoint.jmx] to WARN
02:13:15,139 |-INFO in ch.qos.logback.classic.jul.LevelChangePropagator@181b8c4b - Propagating WARN level on Logger[org.springframework.boot.actuate.endpoint.jmx] onto the JUL framework
02:13:15,140 |-INFO in ch.qos.logback.core.model.processor.AppenderModelHandler - Processing appender named [CONSOLE]
02:13:15,140 |-INFO in ch.qos.logback.core.model.processor.AppenderModelHandler - About to instantiate appender of type [ch.qos.logback.core.ConsoleAppender]
02:13:15,145 |-INFO in ch.qos.logback.core.model.processor.ImplicitModelHandler - Assuming default type [ch.qos.logback.classic.encoder.PatternLayoutEncoder] for [encoder] property
02:13:15,170 |-INFO in ch.qos.logback.core.model.processor.AppenderModelHandler - Processing appender named [FILE]
02:13:15,170 |-INFO in ch.qos.logback.core.model.processor.AppenderModelHandler - About to instantiate appender of type [ch.qos.logback.core.rolling.RollingFileAppender]
02:13:15,174 |-INFO in ch.qos.logback.core.model.processor.ImplicitModelHandler - Assuming default type [ch.qos.logback.classic.encoder.PatternLayoutEncoder] for [encoder] property
02:13:15,182 |-INFO in c.q.l.core.rolling.SizeAndTimeBasedRollingPolicy@954928973 - setting totalSizeCap to 0 Bytes
02:13:15,186 |-INFO in c.q.l.core.rolling.SizeAndTimeBasedRollingPolicy@954928973 - Archive files will be limited to [10 MB] each.
02:13:15,188 |-INFO in c.q.l.core.rolling.SizeAndTimeBasedRollingPolicy@954928973 - Will use gz compression
02:13:15,190 |-INFO in c.q.l.core.rolling.SizeAndTimeBasedRollingPolicy@954928973 - Will use the pattern /tmp/spring.log.%d{yyyy-MM-dd}.%i for the active file
02:13:15,201 |-INFO in ch.qos.logback.core.rolling.SizeAndTimeBasedFNATP@437486cd - The date pattern is 'yyyy-MM-dd' from file name pattern '/tmp/spring.log.%d{yyyy-MM-dd}.%i.gz'.
02:13:15,201 |-INFO in ch.qos.logback.core.rolling.SizeAndTimeBasedFNATP@437486cd - Roll-over at midnight.
02:13:15,203 |-INFO in ch.qos.logback.core.rolling.SizeAndTimeBasedFNATP@437486cd - Setting initial period to 2024-08-07T01:48:17.804Z
02:13:15,207 |-INFO in ch.qos.logback.core.rolling.RollingFileAppender[FILE] - Active log file name: /tmp/spring.log
02:13:15,207 |-INFO in ch.qos.logback.core.rolling.RollingFileAppender[FILE] - File property is set to [/tmp/spring.log]
02:13:15,208 |-INFO in ch.qos.logback.classic.model.processor.RootLoggerModelHandler - Setting level of ROOT logger to INFO
02:13:15,208 |-INFO in ch.qos.logback.classic.jul.LevelChangePropagator@181b8c4b - Propagating INFO level on Logger[ROOT] onto the JUL framework
02:13:15,209 |-INFO in ch.qos.logback.core.model.processor.AppenderRefModelHandler - Attaching appender named [CONSOLE] to Logger[ROOT]
02:13:15,209 |-INFO in ch.qos.logback.core.model.processor.AppenderRefModelHandler - Attaching appender named [FILE] to Logger[ROOT]
02:13:15,209 |-INFO in ch.qos.logback.core.model.processor.DefaultProcessor@15b642b9 - End of configuration.
02:13:15,209 |-INFO in org.springframework.boot.logging.logback.SpringBootJoranConfigurator@518bfd90 - Registering current configuration as safe fallback point


  .   ____          _            __ _ _
 /\\ / ___'_ __ _ _(_)_ __  __ _ \ \ \ \
( ( )\___ | '_ | '_| | '_ \/ _` | \ \ \ \
 \\/  ___)| |_)| | | | | || (_| |  ) ) ) )
  '  |____| .__|_| |_|_| |_\__, | / / / /
 =========|_|==============|___/=/_/_/_/
 :: Spring Boot ::                (v3.2.7)

2024-08-07T02:13:15.326Z  INFO 55960 --- [customers-service] [           main] [                                                 ] o.s.s.p.customers.web.PetResourceTest    : Starting PetResourceTest using Java 17.0.11 with PID 55960 (started by ec2-user in /home/ec2-user/environment/opsjaws-application-signals-handson/chap3/spring-petclinic-customers-service)
2024-08-07T02:13:15.331Z  INFO 55960 --- [customers-service] [           main] [                                                 ] o.s.s.p.customers.web.PetResourceTest    : The following 1 profile is active: "test"
2024-08-07T02:13:15.365Z  INFO 55960 --- [customers-service] [           main] [                                                 ] o.s.c.c.c.ConfigServerConfigDataLoader   : Fetching config from server at : http://localhost:8888/
2024-08-07T02:13:15.366Z  INFO 55960 --- [customers-service] [           main] [                                                 ] o.s.c.c.c.ConfigServerConfigDataLoader   : Exception on Url - http://localhost:8888/:org.springframework.web.client.ResourceAccessException: I/O error on GET request for "http://localhost:8888/customers-service/default": Connection refused. Will be trying the next url if available
2024-08-07T02:13:15.366Z  WARN 55960 --- [customers-service] [           main] [                                                 ] o.s.c.c.c.ConfigServerConfigDataLoader   : Could not locate PropertySource ([ConfigServerConfigDataResource@5ec46cdd uris = array<String>['http://localhost:8888/'], optional = true, profiles = 'default']): I/O error on GET request for "http://localhost:8888/customers-service/default": Connection refused
2024-08-07T02:13:15.367Z  INFO 55960 --- [customers-service] [           main] [                                                 ] o.s.c.c.c.ConfigServerConfigDataLoader   : Fetching config from server at : http://localhost:8888/
2024-08-07T02:13:15.367Z  INFO 55960 --- [customers-service] [           main] [                                                 ] o.s.c.c.c.ConfigServerConfigDataLoader   : Exception on Url - http://localhost:8888/:org.springframework.web.client.ResourceAccessException: I/O error on GET request for "http://localhost:8888/customers-service/test": Connection refused. Will be trying the next url if available
2024-08-07T02:13:15.368Z  WARN 55960 --- [customers-service] [           main] [                                                 ] o.s.c.c.c.ConfigServerConfigDataLoader   : Could not locate PropertySource ([ConfigServerConfigDataResource@38b5f25 uris = array<String>['http://localhost:8888/'], optional = true, profiles = 'test']): I/O error on GET request for "http://localhost:8888/customers-service/test": Connection refused
2024-08-07T02:13:15.368Z  INFO 55960 --- [customers-service] [           main] [                                                 ] o.s.c.c.c.ConfigServerConfigDataLoader   : Fetching config from server at : http://localhost:8888/
2024-08-07T02:13:15.369Z  INFO 55960 --- [customers-service] [           main] [                                                 ] o.s.c.c.c.ConfigServerConfigDataLoader   : Exception on Url - http://localhost:8888/:org.springframework.web.client.ResourceAccessException: I/O error on GET request for "http://localhost:8888/customers-service/default": Connection refused. Will be trying the next url if available
2024-08-07T02:13:15.369Z  WARN 55960 --- [customers-service] [           main] [                                                 ] o.s.c.c.c.ConfigServerConfigDataLoader   : Could not locate PropertySource ([ConfigServerConfigDataResource@327ed9f5 uris = array<String>['http://localhost:8888/'], optional = true, profiles = 'default']): I/O error on GET request for "http://localhost:8888/customers-service/default": Connection refused
2024-08-07T02:13:18.997Z  INFO 55960 --- [customers-service] [           main] [                                                 ] o.s.b.t.m.w.SpringBootMockServletContext : Initializing Spring TestDispatcherServlet ''
2024-08-07T02:13:18.998Z  INFO 55960 --- [customers-service] [           main] [                                                 ] o.s.t.web.servlet.TestDispatcherServlet  : Initializing Servlet ''
2024-08-07T02:13:19.001Z  INFO 55960 --- [customers-service] [           main] [                                                 ] o.s.t.web.servlet.TestDispatcherServlet  : Completed initialization in 1 ms
2024-08-07T02:13:19.037Z  INFO 55960 --- [customers-service] [           main] [                                                 ] o.s.s.p.customers.web.PetResourceTest    : Started PetResourceTest in 5.213 seconds (process running for 6.642)
]]></system-out>
  </testcase>
</testsuite>