<?xml version="1.0" encoding="UTF-8"?>
<testsuite xmlns:xsi="http://www.w3.org/2001/XMLSchema-instance" xsi:noNamespaceSchemaLocation="https://maven.apache.org/surefire/maven-surefire-plugin/xsd/surefire-test-report-3.0.xsd" version="3.0" name="org.springframework.samples.petclinic.config.PetclinicConfigServerApplicationTests" time="5.171" tests="1" errors="0" skipped="0" failures="0">
  <properties>
[...]
</properties>
  <testcase name="contextLoads" classname="org.springframework.samples.petclinic.config.PetclinicConfigServerApplicationTests" time="1.059">
    <system-out><![CDATA[02:13:57.708 [main] INFO org.springframework.test.context.support.AnnotationConfigContextLoaderUtils -- Could not detect default configuration classes for test class [org.springframework.samples.petclinic.config.PetclinicConfigServerApplicationTests]: PetclinicConfigServerApplicationTests does not declare any static, non-private, non-final, nested classes annotated with @Configuration.
02:13:57.840 [main] INFO org.springframework.boot.test.context.SpringBootTestContextBootstrapper -- Found @SpringBootConfiguration org.springframework.samples.petclinic.config.ConfigServerApplication for test class org.springframework.samples.petclinic.config.PetclinicConfigServerApplicationTests

  .   ____          _            __ _ _
 /\\ / ___'_ __ _ _(_)_ __  __ _ \ \ \ \
( ( )\___ | '_ | '_| | '_ \/ _` | \ \ \ \
 \\/  ___)| |_)| | | | | || (_| |  ) ) ) )
  '  |____| .__|_| |_|_| |_\__, | / / / /
 =========|_|==============|___/=/_/_/_/
 :: Spring Boot ::                (v3.2.7)

2024-08-07T02:13:58.552Z  INFO 56881 --- [           main] .c.PetclinicConfigServerApplicationTests : Starting PetclinicConfigServerApplicationTests using Java 17.0.11 with PID 56881 (started by ec2-user in /home/ec2-user/environment/opsjaws-application-signals-handson/chap3/spring-petclinic-config-server)
2024-08-07T02:13:58.554Z  INFO 56881 --- [           main] .c.PetclinicConfigServerApplicationTests : No active profile set, falling back to 1 default profile: "default"
2024-08-07T02:13:59.990Z  INFO 56881 --- [           main] o.s.cloud.context.scope.GenericScope     : BeanFactory id=61469c84-0c8f-32a8-bfd0-e4ba072168f2
2024-08-07T02:14:00.503Z  INFO 56881 --- [           main] o.s.b.a.w.s.WelcomePageHandlerMapping    : Adding welcome page: class path resource [static/index.html]
2024-08-07T02:14:01.592Z  INFO 56881 --- [           main] .c.PetclinicConfigServerApplicationTests : Started PetclinicConfigServerApplicationTests in 3.582 seconds (process running for 4.76)
]]></system-out>
  </testcase>
</testsuite>